0	4	5	1828	1198	6	0.3348	0.505	0.5728	0.6361	6	0.3003	0.3957	0.4054	0.4541	/home/yinghuit/s3_img/Screenshot 2019-03-21 at 3.24.28 PM.png
1	4	5	546	526	15	0.1502	0.2605	0.7656	0.6901	/home/yinghuit/s3_img/Screenshot 2019-03-21 at 3.21.00 PM.png
2	4	5	1280	720	15	0.1391	0.2569	0.3273	0.7931	/home/yinghuit/s3_img/5.png
3	4	5	1280	720	6	0.682	0.3472	0.9555	0.4639	6	0.393	0.1847	0.4773	0.4889	/home/yinghuit/s3_img/17.png
4	4	5	1280	720	6	0.2102	0.2986	0.2992	0.5778	6	0.3203	0.5722	0.475	0.6056	6	0.6352	0.4542	0.8453	0.5889	5	0.675	0.3	0.8055	0.3639	/home/yinghuit/s3_img/198.png
5	4	5	1280	720	6	0.1594	0.3403	0.1844	0.6306	/home/yinghuit/s3_img/61.png
6	4	5	1696	1184	15	0.3261	0.3691	0.3956	0.5236	8	0.6769	0.223	0.9511	0.8032	/home/yinghuit/s3_img/Screenshot 2019-03-21 at 3.22.33 PM.png
7	4	5	1236	1072	15	0.1181	0.3554	0.8131	0.7164	1	0.3212	0.2192	0.5995	0.4049	/home/yinghuit/s3_img/Screenshot 2019-03-21 at 3.24.54 PM.png
8	4	5	1280	720	15	0.1367	0.5028	0.2164	0.6014	6	0.3172	0.2986	0.4086	0.5792	6	0.7547	0.4597	0.9703	0.5875	5	0.793	0.3125	0.918	0.3472	6	0.4508	0.5792	0.5922	0.5986	/home/yinghuit/s3_img/201.png
9	4	5	1280	720	21	0.9141	0.3028	1.0008	0.5444	6	0.1609	0.3639	0.1914	0.6361	/home/yinghuit/s3_img/58.png
10	4	5	528	764	18	0.2064	0.3717	0.2803	0.6479	1	0.2462	0.4686	0.4318	0.6662	/home/yinghuit/s3_img/6151655_20190107212328359_SCREENER.PNG
11	4	5	1280	720	21	0.8758	0.4069	0.9203	0.6542	3	0.2648	0.3	0.3734	0.5125	/home/yinghuit/s3_img/105.png
12	4	5	1280	720	6	0.182	0.3792	0.243	0.5542	/home/yinghuit/s3_img/12.png
13	4	5	1280	720	15	0.8969	0.3514	0.95	0.5028	6	0.6102	0.3333	0.6508	0.6125	6	0.1125	0.3319	0.2453	0.5986	/home/yinghuit/s3_img/71.png
14	4	5	2560	1600	6	0.1012	0.3481	0.2574	0.6094	6	0.6156	0.3438	0.6473	0.605	15	0.9051	0.3706	0.948	0.4994	/home/yinghuit/s3_img/Screenshot 2019-03-21 at 3.23.43 PM.png
15	4	5	1256	1124	6	0.8869	0.3505	0.9435	0.718	/home/yinghuit/s3_img/Screenshot 2019-03-21 at 3.21.48 PM.png
16	4	5	1280	720	21	0.6297	0.2333	0.6773	0.7458	21	0.5922	0.2292	0.6289	0.6583	/home/yinghuit/s3_img/118.png
17	4	5	1280	720	15	0.8609	0.3542	0.918	0.4972	8	0.5023	0.2403	0.6742	0.7347	/home/yinghuit/s3_img/89.png
18	4	5	1280	720	15	0.275	0.3597	0.3219	0.4986	6	0.5766	0.3319	0.6047	0.6028	/home/yinghuit/s3_img/73.png
19	4	5	510	764	2	0.1235	0.1505	0.5765	0.301	5	0.2549	0.2618	0.4961	0.411	/home/yinghuit/s3_img/6151655_20181231081344734_SCREENER.PNG
20	4	5	1280	720	15	0.1406	0.275	0.4914	0.6458	15	0.55	0.3667	0.6875	0.5583	15	0.7344	0.3125	0.9945	0.6014	/home/yinghuit/s3_img/1934.png
21	4	5	1280	720	5	0.2078	0.3306	0.2594	0.5792	6	0.4609	0.3208	0.6461	0.6069	/home/yinghuit/s3_img/65.png
22	4	5	1280	720	3	0.4742	0.4778	0.582	0.6792	/home/yinghuit/s3_img/122.png
23	4	5	664	764	2	0.4669	0.4332	0.9217	0.5825	11	0.7922	0.2081	0.9322	0.4385	5	0.8193	0.3639	0.9096	0.5209	/home/yinghuit/s3_img/6151655_20181231143150468_SCREENER.PNG
24	4	5	1280	720	15	0.2828	0.4722	0.3281	0.6694	6	0.3625	0.4944	0.5477	0.6014	6	0.8102	0.6361	0.875	0.6861	6	0.3438	0.4042	0.4141	0.4375	/home/yinghuit/s3_img/178.png
25	4	5	1280	720	6	0.5555	0.3458	0.5922	0.6167	5	0.1672	0.3514	0.2102	0.5611	/home/yinghuit/s3_img/64.png
26	4	5	549	764	11	0.0929	0.4843	0.6375	0.6963	6	0.0674	0.3704	0.153	0.6086	/home/yinghuit/s3_img/6151655_20190106184126015_SCREENER.PNG
27	4	5	594	764	3	0.271	0.3757	0.3872	0.551	1	0.2121	0.644	0.3822	0.6924	2	0.1347	0.2893	0.6279	0.4332	4	0.1785	0.3743	0.266	0.5929	12	0.3771	0.4908	0.4579	0.6021	/home/yinghuit/s3_img/6151655_20181231084554734_SCREENER.PNG
28	4	5	1280	720	15	0.8992	0.3569	0.9445	0.5014	6	0.6195	0.3375	0.6531	0.6181	6	0.1117	0.3333	0.2484	0.6014	/home/yinghuit/s3_img/74.png
29	4	5	1280	720	15	0.4367	0.3611	0.4914	0.4931	8	0.1117	0.2528	0.2555	0.7111	6	0.7367	0.3319	0.7664	0.6222	/home/yinghuit/s3_img/80.png
30	4	5	1280	720	15	0.368	0.3639	0.425	0.4986	8	0.6055	0.2431	0.7891	0.7292	/home/yinghuit/s3_img/88.png
31	4	5	552	764	4	0.0888	0.2762	0.2591	0.6741	6	0.4203	0.4961	0.4891	0.6492	/home/yinghuit/s3_img/6151655_20190107071256875_SCREENER.PNG
32	4	5	1280	720	21	0.593	0.3069	0.6953	0.5458	/home/yinghuit/s3_img/57.png
33	4	5	1830	1126	6	0.1235	0.349	0.4415	0.4112	15	0.4645	0.3206	0.5372	0.6625	6	0.6951	0.2744	0.741	0.7593	/home/yinghuit/s3_img/Screenshot 2019-03-21 at 3.24.24 PM.png
34	4	5	527	764	3	0.241	0.3547	0.5351	0.4647	9	0.0645	0.3207	0.2182	0.6518	6	0.1841	0.3678	0.3017	0.555	/home/yinghuit/s3_img/6151655_20190106120056765_SCREENER.PNG
35	4	5	1616	1176	15	0.2525	0.3912	0.323	0.5434	6	0.724	0.358	0.7673	0.6752	/home/yinghuit/s3_img/Screenshot 2019-03-21 at 3.22.55 PM.png
36	4	5	1280	720	6	0.1875	0.3903	0.2344	0.5611	6	0.3406	0.475	0.4727	0.5278	6	0.493	0.4042	0.6078	0.4806	/home/yinghuit/s3_img/22.png
37	4	5	1135	1064	20	0.0969	0.7904	0.9189	0.8524	20	0.0969	0.7359	0.9251	0.7923	20	0.0969	0.6805	0.9172	0.7397	20	0.0749	0.6316	0.9066	0.6861	20	0.074	0.5583	0.9093	0.6316	/home/yinghuit/s3_img/6132221_20190316150305781_SCREENER.PNG
38	4	5	1014	776	15	0.0582	0.1933	0.93	0.8041	/home/yinghuit/s3_img/Screenshot 2019-03-21 at 3.20.56 PM.png
39	4	5	1280	720	21	0.2141	0.2931	0.3094	0.5556	/home/yinghuit/s3_img/59.png
40	4	5	681	764	1	0.4141	0.216	0.5844	0.356	12	0.2687	0.5236	0.4288	0.6257	/home/yinghuit/s3_img/6151655_20181231115125734_SCREENER.PNG
41	4	5	1144	1020	1	0.2675	0.5529	0.4178	0.7843	1	0.7928	0.2912	0.9231	0.6627	/home/yinghuit/s3_img/Screenshot 2019-03-21 at 3.24.46 PM.png
42	4	5	512	764	3	0.0781	0.3743	0.2812	0.5929	0	0.375	0.3547	0.502	0.4725	12	0.1699	0.3796	0.3594	0.5759	/home/yinghuit/s3_img/6151655_20190107124235968_SCREENER.PNG
43	4	5	1280	720	21	0.5789	0.3986	0.6242	0.65	21	0.9305	0.2375	1.0008	0.7306	/home/yinghuit/s3_img/106.png
44	4	5	1838	1148	6	0.7704	0.5375	0.9935	0.6751	/home/yinghuit/s3_img/Screenshot 2019-03-21 at 3.24.13 PM.png
45	4	5	1020	1068	6	0.102	0.324	0.152	0.7041	/home/yinghuit/s3_img/Screenshot 2019-03-21 at 3.21.41 PM.png
46	4	5	1280	720	3	0.8078	0.4736	0.9258	0.6792	/home/yinghuit/s3_img/128.png
47	4	5	1280	720	8	0.7945	0.2528	0.9727	0.7389	/home/yinghuit/s3_img/90.png
48	4	5	619	764	3	0.7496	0.3298	0.8982	0.5969	2	0.4346	0.5628	0.7981	0.7134	0	0.6914	0.3861	0.7819	0.466	6	0.3522	0.4856	0.6817	0.7199	/home/yinghuit/s3_img/6151655_20181231065422140_SCREENER.PNG
49	4	5	1280	720	21	0.8477	0.3	0.9516	0.5403	/home/yinghuit/s3_img/50.png
50	4	5	551	764	3	0.2396	0.3495	0.3757	0.5838	5	0.5898	0.3992	0.686	0.6191	/home/yinghuit/s3_img/6151655_20190107213839531_SCREENER.PNG
51	4	5	1606	1104	15	0.3026	0.3605	0.3742	0.5308	8	0.6781	0.2174	0.9558	0.8216	/home/yinghuit/s3_img/Screenshot 2019-03-21 at 3.21.56 PM.png
52	4	5	1280	720	3	0.4961	0.2944	0.6008	0.5111	/home/yinghuit/s3_img/100.png
53	4	5	588	764	5	0.3316	0.3547	0.4082	0.6715	6	0.381	0.4293	0.4235	0.5798	/home/yinghuit/s3_img/6151655_20190104100042625_SCREENER.PNG
54	4	5	577	764	0	0.5979	0.3639	0.688	0.4777	5	0.1109	0.3102	0.3709	0.4411	/home/yinghuit/s3_img/6151655_20190105182206906_SCREENER.PNG
55	4	5	1280	720	6	0.8031	0.4806	0.9898	0.6208	6	0.7852	0.4014	0.8547	0.4514	/home/yinghuit/s3_img/171.png
56	4	5	2044	1150	13	0.3532	0.253	0.5284	0.7113	/home/yinghuit/s3_img/Screenshot 2019-03-21 at 3.23.58 PM.png
57	4	5	360	1064	19	0.1167	0.5038	0.875	0.6776	/home/yinghuit/s3_img/6132221_20190315132257312_SCREENER.PNG
58	4	5	665	764	6	0.7263	0.2435	0.8195	0.6963	6	0.7368	0.3835	0.8511	0.678	/home/yinghuit/s3_img/6151655_20190104124657625_SCREENER.PNG
59	4	5	637	764	2	0.3752	0.2657	0.8006	0.4097	5	0.8053	0.2853	0.8791	0.4961	/home/yinghuit/s3_img/6151655_20181231193513781_SCREENER.PNG
60	4	5	1280	720	6	0.1445	0.4653	0.2805	0.5444	5	0.3672	0.3875	0.4289	0.5583	/home/yinghuit/s3_img/14.png
61	4	5	1280	720	21	0.4938	0.2792	0.6562	0.6403	/home/yinghuit/s3_img/32.png
62	4	5	1130	1064	20	0.1018	0.6729	0.931	0.735	20	0.0982	0.61	0.9133	0.6758	20	0.0894	0.4267	0.931	0.5038	20	0.0832	0.5075	0.9257	0.5611	20	0.0805	0.5592	0.9168	0.6156	/home/yinghuit/s3_img/6151625_20190316145057843_SCREENER.PNG
63	4	5	1280	720	15	0.1336	0.2764	0.493	0.6111	15	0.5305	0.3778	0.6906	0.5778	15	0.725	0.2764	1.0008	0.625	/home/yinghuit/s3_img/1.png
64	4	5	1280	720	21	0.7656	0.2833	0.9313	0.6542	/home/yinghuit/s3_img/28.png
65	4	5	1150	964	6	0.3478	0.5083	0.7261	0.6774	/home/yinghuit/s3_img/Screenshot 2019-03-21 at 3.24.02 PM.png
66	4	5	1280	720	6	0.7523	0.4583	0.8805	0.5361	6	0.6164	0.4139	0.7281	0.4681	/home/yinghuit/s3_img/21.png
67	4	5	609	764	4	0.4975	0.5353	0.8916	0.6008	5	0.2923	0.4686	0.4236	0.6597	/home/yinghuit/s3_img/6151655_20181231192243906_SCREENER.PNG
68	4	5	359	1064	19	0.1337	0.5094	0.8691	0.6673	/home/yinghuit/s3_img/6132221_20190315125705859_SCREENER.PNG
69	4	5	567	764	12	0.6561	0.233	0.7496	0.3586	/home/yinghuit/s3_img/6151655_20190106175313859_SCREENER.PNG
70	4	5	524	764	1	0.1966	0.5052	0.4599	0.623	4	0.2863	0.3325	0.6927	0.3887	5	0.2443	0.3861	0.458	0.4372	/home/yinghuit/s3_img/6151655_20190101063748687_SCREENER.PNG
71	4	5	1932	1032	10	0.7919	0.3798	0.9327	0.6725	7	0.5978	0.4709	0.6998	0.6744	1	0.3059	0.4457	0.4612	0.7422	1	0.0818	0.4545	0.2138	0.7684	/home/yinghuit/s3_img/Screenshot 2019-03-21 at 3.21.31 PM.png
72	4	5	592	764	3	0.0709	0.2919	0.3041	0.4241	12	0.1216	0.2932	0.2095	0.4293	/home/yinghuit/s3_img/6151655_20190104064854296_SCREENER.PNG
73	4	5	528	764	3	0.6098	0.2775	0.7614	0.5092	6	0.1913	0.3207	0.2917	0.5131	/home/yinghuit/s3_img/6151655_20181231180303359_SCREENER.PNG
74	4	5	1134	1130	1	0.4347	0.269	0.7178	0.4221	15	0.1764	0.3735	0.8651	0.6912	/home/yinghuit/s3_img/Screenshot 2019-03-21 at 3.24.44 PM.png
75	4	5	1280	720	15	0.6328	0.2472	0.8297	0.7917	15	0.832	0.2472	1.0008	0.8431	/home/yinghuit/s3_img/3.png
76	4	5	1280	720	15	0.7117	0.4639	0.7453	0.5694	6	0.3023	0.4417	0.3281	0.5556	6	0.4078	0.4389	0.4359	0.5556	6	0.6477	0.4389	0.6664	0.5528	6	0.7797	0.3444	0.8438	0.6528	6	0.6961	0.3472	0.8547	0.4292	/home/yinghuit/s3_img/vid_image.png
77	4	5	1180	1114	6	0.2441	0.4309	0.6992	0.5934	7	0.7585	0.281	0.8542	0.5189	10	0.3525	0.2397	0.6432	0.3241	/home/yinghuit/s3_img/Screenshot 2019-03-21 at 3.25.03 PM.png
78	4	5	2078	1132	3	0.846	0.5265	0.9769	0.765	/home/yinghuit/s3_img/Screenshot 2019-03-21 at 3.22.24 PM.png
79	4	5	487	764	6	0.5113	0.322	0.8193	0.6492	/home/yinghuit/s3_img/6151655_20181231065229921_SCREENER.PNG
80	4	5	1280	720	21	0.6477	0.3069	0.7406	0.5444	/home/yinghuit/s3_img/52.png
81	4	5	624	764	10	0.8429	0.2212	0.9343	0.5092	4	0.7404	0.2029	0.8606	0.5092	/home/yinghuit/s3_img/6151655_20181231081951968_SCREENER.PNG
82	4	5	1280	720	15	0.182	0.2417	0.3859	0.7931	15	0.3914	0.2458	0.5797	0.8333	/home/yinghuit/s3_img/4.png
83	4	5	1578	1148	8	0.6762	0.2439	0.9309	0.8136	1	0.2167	0.2744	0.3771	0.5549	/home/yinghuit/s3_img/Screenshot 2019-03-21 at 3.22.05 PM.png
84	4	5	1280	720	21	0.9078	0.2361	0.9469	0.6458	21	0.9469	0.2569	0.9922	0.725	3	0.1711	0.4917	0.2773	0.6694	/home/yinghuit/s3_img/121.png
85	4	5	1280	720	6	0.5711	0.3653	0.6031	0.6458	/home/yinghuit/s3_img/60.png
86	4	5	1074	1094	15	0.4246	0.3565	0.5186	0.5293	/home/yinghuit/s3_img/Screenshot 2019-03-21 at 3.25.36 PM.png
87	4	5	1280	720	6	0.2578	0.4653	0.3844	0.5361	5	0.4891	0.3833	0.5406	0.5792	5	0.1352	0.4181	0.2273	0.475	/home/yinghuit/s3_img/15.png
88	4	5	1280	720	15	0.2773	0.3167	0.3195	0.5694	21	0.9398	0.5208	0.9781	0.6417	21	0.7516	0.6069	0.8672	0.6722	21	0.7211	0.3208	0.7562	0.4681	6	0.1195	0.2903	0.1602	0.6625	6	0.3922	0.3306	0.5578	0.3792	6	0.5578	0.4861	0.5852	0.6722	/home/yinghuit/s3_img/189.png
89	4	5	1280	720	15	0.2719	0.3556	0.325	0.5014	6	0.5766	0.3319	0.6078	0.6125	/home/yinghuit/s3_img/70.png
90	4	5	1280	720	15	0.4617	0.3153	0.5062	0.5653	6	0.225	0.3403	0.3914	0.3847	6	0.6266	0.2931	0.657	0.6625	6	0.7898	0.6417	0.8586	0.6889	/home/yinghuit/s3_img/179.png
91	4	5	525	764	18	0.221	0.3665	0.2952	0.6479	1	0.2819	0.4843	0.4038	0.6662	/home/yinghuit/s3_img/6151655_20190107212335890_SCREENER.PNG
92	4	5	438	764	2	0.6667	0.4031	0.9018	0.7775	2	0.1895	0.5092	0.3721	0.7696	6	0.2808	0.5995	0.5228	0.7251	/home/yinghuit/s3_img/6151655_20190104161618687_SCREENER.PNG
93	4	5	587	764	0	0.7581	0.5497	0.8143	0.6217	12	0.6763	0.288	0.7853	0.5497	/home/yinghuit/s3_img/6151655_20181231090200093_SCREENER.PNG
94	4	5	1218	1120	1	0.2365	0.5339	0.3908	0.7357	/home/yinghuit/s3_img/Screenshot 2019-03-21 at 3.24.37 PM.png
95	4	5	518	764	2	0.471	0.5144	0.8301	0.6584	5	0.7008	0.2958	0.7876	0.4136	/home/yinghuit/s3_img/6151655_20181231205041750_SCREENER.PNG
96	4	5	1864	1124	6	0.3069	0.3461	0.6127	0.4084	6	0.0097	0.2785	0.0617	0.7687	/home/yinghuit/s3_img/Screenshot 2019-03-21 at 3.24.18 PM.png
97	4	5	1280	720	21	0.7273	0.1125	0.9953	0.7903	/home/yinghuit/s3_img/25.png
98	4	5	1088	1168	6	0.4651	0.6053	0.8336	0.6447	6	0.1985	0.2705	0.4017	0.613	7	0.8336	0.3348	0.8971	0.5574	7	0.1774	0.2663	0.2647	0.4743	/home/yinghuit/s3_img/Screenshot 2019-03-21 at 3.25.06 PM.png
99	4	5	566	1100	8	0.0795	0.2245	0.8216	0.8309	/home/yinghuit/s3_img/Screenshot 2019-03-21 at 3.25.39 PM.png
100	4	5	713	764	7	0.2118	0.445	0.3212	0.5366	0	0.2847	0.2657	0.3689	0.3495	4	0.1473	0.1479	0.3689	0.3599	6	0.2553	0.3442	0.3661	0.4607	/home/yinghuit/s3_img/6151655_20190106163320562_SCREENER.PNG
101	4	5	1280	720	15	0.4102	0.2417	0.6422	0.7903	15	0.6422	0.2528	0.8328	0.7972	/home/yinghuit/s3_img/2.png
