92	0.000000	Screenshot 2019-03-21 at 3.24.28 PM.png
77	0.000000	Screenshot 2019-03-21 at 3.21.00 PM.png
27	0.000000	5.png
11	0.000000	17.png
17	0.000000	198.png
34	0.000000	61.png
84	0.000000	Screenshot 2019-03-21 at 3.22.33 PM.png
96	0.000000	Screenshot 2019-03-21 at 3.24.54 PM.png
19	0.000000	201.png
31	0.000000	58.png
63	0.000000	6151655_20190107212328359_SCREENER.PNG
2	0.000000	105.png
5	0.000000	12.png
69	0.000000	71.png
86	0.000000	Screenshot 2019-03-21 at 3.23.43 PM.png
80	0.000000	Screenshot 2019-03-21 at 3.21.48 PM.png
4	0.000000	118.png
74	0.000000	89.png
70	0.000000	73.png
41	0.000000	6151655_20181231081344734_SCREENER.PNG
16	0.000000	1934.png
67	0.000000	65.png
7	0.000000	122.png
46	0.000000	6151655_20181231143150468_SCREENER.PNG
13	0.000000	178.png
66	0.000000	64.png
60	0.000000	6151655_20190106184126015_SCREENER.PNG
43	0.000000	6151655_20181231084554734_SCREENER.PNG
71	0.000000	74.png
72	0.000000	80.png
73	0.000000	88.png
61	0.000000	6151655_20190107071256875_SCREENER.PNG
30	0.000000	57.png
91	0.000000	Screenshot 2019-03-21 at 3.24.24 PM.png
57	0.000000	6151655_20190106120056765_SCREENER.PNG
85	0.000000	Screenshot 2019-03-21 at 3.22.55 PM.png
21	0.000000	22.png
37	0.000000	6132221_20190316150305781_SCREENER.PNG
76	0.000000	Screenshot 2019-03-21 at 3.20.56 PM.png
32	0.000000	59.png
45	0.000000	6151655_20181231115125734_SCREENER.PNG
95	0.000000	Screenshot 2019-03-21 at 3.24.46 PM.png
62	0.000000	6151655_20190107124235968_SCREENER.PNG
3	0.000000	106.png
89	0.000000	Screenshot 2019-03-21 at 3.24.13 PM.png
79	0.000000	Screenshot 2019-03-21 at 3.21.41 PM.png
8	0.000000	128.png
75	0.000000	90.png
40	0.000000	6151655_20181231065422140_SCREENER.PNG
28	0.000000	50.png
65	0.000000	6151655_20190107213839531_SCREENER.PNG
81	0.000000	Screenshot 2019-03-21 at 3.21.56 PM.png
1	0.000000	100.png
53	0.000000	6151655_20190104100042625_SCREENER.PNG
56	0.000000	6151655_20190105182206906_SCREENER.PNG
12	0.000000	171.png
87	0.000000	Screenshot 2019-03-21 at 3.23.58 PM.png
36	0.000000	6132221_20190315132257312_SCREENER.PNG
54	0.000000	6151655_20190104124657625_SCREENER.PNG
49	0.000000	6151655_20181231193513781_SCREENER.PNG
9	0.000000	14.png
25	0.000000	32.png
38	0.000000	6151625_20190316145057843_SCREENER.PNG
0	0.000000	1.png
23	0.000000	28.png
88	0.000000	Screenshot 2019-03-21 at 3.24.02 PM.png
20	0.000000	21.png
48	0.000000	6151655_20181231192243906_SCREENER.PNG
35	0.000000	6132221_20190315125705859_SCREENER.PNG
59	0.000000	6151655_20190106175313859_SCREENER.PNG
51	0.000000	6151655_20190101063748687_SCREENER.PNG
78	0.000000	Screenshot 2019-03-21 at 3.21.31 PM.png
52	0.000000	6151655_20190104064854296_SCREENER.PNG
47	0.000000	6151655_20181231180303359_SCREENER.PNG
94	0.000000	Screenshot 2019-03-21 at 3.24.44 PM.png
24	0.000000	3.png
101	0.000000	vid_image.png
97	0.000000	Screenshot 2019-03-21 at 3.25.03 PM.png
83	0.000000	Screenshot 2019-03-21 at 3.22.24 PM.png
39	0.000000	6151655_20181231065229921_SCREENER.PNG
29	0.000000	52.png
42	0.000000	6151655_20181231081951968_SCREENER.PNG
26	0.000000	4.png
82	0.000000	Screenshot 2019-03-21 at 3.22.05 PM.png
6	0.000000	121.png
33	0.000000	60.png
99	0.000000	Screenshot 2019-03-21 at 3.25.36 PM.png
10	0.000000	15.png
15	0.000000	189.png
68	0.000000	70.png
14	0.000000	179.png
64	0.000000	6151655_20190107212335890_SCREENER.PNG
55	0.000000	6151655_20190104161618687_SCREENER.PNG
44	0.000000	6151655_20181231090200093_SCREENER.PNG
93	0.000000	Screenshot 2019-03-21 at 3.24.37 PM.png
50	0.000000	6151655_20181231205041750_SCREENER.PNG
90	0.000000	Screenshot 2019-03-21 at 3.24.18 PM.png
22	0.000000	25.png
98	0.000000	Screenshot 2019-03-21 at 3.25.06 PM.png
100	0.000000	Screenshot 2019-03-21 at 3.25.39 PM.png
58	0.000000	6151655_20190106163320562_SCREENER.PNG
18	0.000000	2.png
